<?xml version="1.0" encoding="UTF-8"?>
<testsuite xmlns:xsi="http://www.w3.org/2001/XMLSchema-instance" xsi:noNamespaceSchemaLocation="https://maven.apache.org/surefire/maven-surefire-plugin/xsd/surefire-test-report-3.0.xsd" version="3.0" name="TestSuite" time="53.179" tests="10" errors="0" skipped="0" failures="0">
  <properties>
    <property name="java.specification.version" value="22"/>
    <property name="webdriver.chrome.driver" value="/home/pikessoft/.cache/selenium/chromedriver/linux64/133.0.6943.141/chromedriver"/>
    <property name="sun.jnu.encoding" value="UTF-8"/>
    <property name="java.class.path" value="/home/pikessoft/eclipse-workspace/selenium_assignment/target/test-classes:/home/pikessoft/eclipse-workspace/selenium_assignment/target/classes:/home/pikessoft/.m2/repository/org/seleniumhq/selenium/selenium-java/4.29.0/selenium-java-4.29.0.jar:/home/pikessoft/.m2/repository/org/seleniumhq/selenium/selenium-api/4.29.0/selenium-api-4.29.0.jar:/home/pikessoft/.m2/repository/org/jspecify/jspecify/1.0.0/jspecify-1.0.0.jar:/home/pikessoft/.m2/repository/org/seleniumhq/selenium/selenium-chrome-driver/4.29.0/selenium-chrome-driver-4.29.0.jar:/home/pikessoft/.m2/repository/com/google/auto/service/auto-service-annotations/1.1.1/auto-service-annotations-1.1.1.jar:/home/pikessoft/.m2/repository/org/seleniumhq/selenium/selenium-chromium-driver/4.29.0/selenium-chromium-driver-4.29.0.jar:/home/pikessoft/.m2/repository/org/seleniumhq/selenium/selenium-json/4.29.0/selenium-json-4.29.0.jar:/home/pikessoft/.m2/repository/org/seleniumhq/selenium/selenium-manager/4.29.0/selenium-manager-4.29.0.jar:/home/pikessoft/.m2/repository/org/seleniumhq/selenium/selenium-devtools-v131/4.29.0/selenium-devtools-v131-4.29.0.jar:/home/pikessoft/.m2/repository/org/seleniumhq/selenium/selenium-devtools-v132/4.29.0/selenium-devtools-v132-4.29.0.jar:/home/pikessoft/.m2/repository/org/seleniumhq/selenium/selenium-devtools-v133/4.29.0/selenium-devtools-v133-4.29.0.jar:/home/pikessoft/.m2/repository/org/seleniumhq/selenium/selenium-devtools-v85/4.29.0/selenium-devtools-v85-4.29.0.jar:/home/pikessoft/.m2/repository/org/seleniumhq/selenium/selenium-edge-driver/4.29.0/selenium-edge-driver-4.29.0.jar:/home/pikessoft/.m2/repository/org/seleniumhq/selenium/selenium-firefox-driver/4.29.0/selenium-firefox-driver-4.29.0.jar:/home/pikessoft/.m2/repository/org/seleniumhq/selenium/selenium-http/4.29.0/selenium-http-4.29.0.jar:/home/pikessoft/.m2/repository/org/seleniumhq/selenium/selenium-ie-driver/4.29.0/selenium-ie-driver-4.29.0.jar:/home/pikessoft/.m2/repository/org/seleniumhq/selenium/selenium-remote-driver/4.29.0/selenium-remote-driver-4.29.0.jar:/home/pikessoft/.m2/repository/com/google/guava/guava/33.4.0-jre/guava-33.4.0-jre.jar:/home/pikessoft/.m2/repository/com/google/guava/failureaccess/1.0.2/failureaccess-1.0.2.jar:/home/pikessoft/.m2/repository/com/google/guava/listenablefuture/9999.0-empty-to-avoid-conflict-with-guava/listenablefuture-9999.0-empty-to-avoid-conflict-with-guava.jar:/home/pikessoft/.m2/repository/com/google/code/findbugs/jsr305/3.0.2/jsr305-3.0.2.jar:/home/pikessoft/.m2/repository/org/checkerframework/checker-qual/3.43.0/checker-qual-3.43.0.jar:/home/pikessoft/.m2/repository/com/google/j2objc/j2objc-annotations/3.0.0/j2objc-annotations-3.0.0.jar:/home/pikessoft/.m2/repository/io/opentelemetry/semconv/opentelemetry-semconv/1.28.0-alpha/opentelemetry-semconv-1.28.0-alpha.jar:/home/pikessoft/.m2/repository/io/opentelemetry/opentelemetry-api/1.46.0/opentelemetry-api-1.46.0.jar:/home/pikessoft/.m2/repository/io/opentelemetry/opentelemetry-context/1.46.0/opentelemetry-context-1.46.0.jar:/home/pikessoft/.m2/repository/io/opentelemetry/opentelemetry-exporter-logging/1.46.0/opentelemetry-exporter-logging-1.46.0.jar:/home/pikessoft/.m2/repository/io/opentelemetry/opentelemetry-sdk-common/1.46.0/opentelemetry-sdk-common-1.46.0.jar:/home/pikessoft/.m2/repository/io/opentelemetry/opentelemetry-sdk-extension-autoconfigure-spi/1.46.0/opentelemetry-sdk-extension-autoconfigure-spi-1.46.0.jar:/home/pikessoft/.m2/repository/io/opentelemetry/opentelemetry-sdk-extension-autoconfigure/1.46.0/opentelemetry-sdk-extension-autoconfigure-1.46.0.jar:/home/pikessoft/.m2/repository/io/opentelemetry/opentelemetry-api-incubator/1.46.0-alpha/opentelemetry-api-incubator-1.46.0-alpha.jar:/home/pikessoft/.m2/repository/io/opentelemetry/opentelemetry-sdk-trace/1.46.0/opentelemetry-sdk-trace-1.46.0.jar:/home/pikessoft/.m2/repository/io/opentelemetry/opentelemetry-sdk/1.46.0/opentelemetry-sdk-1.46.0.jar:/home/pikessoft/.m2/repository/io/opentelemetry/opentelemetry-sdk-metrics/1.46.0/opentelemetry-sdk-metrics-1.46.0.jar:/home/pikessoft/.m2/repository/io/opentelemetry/opentelemetry-sdk-logs/1.46.0/opentelemetry-sdk-logs-1.46.0.jar:/home/pikessoft/.m2/repository/net/bytebuddy/byte-buddy/1.15.11/byte-buddy-1.15.11.jar:/home/pikessoft/.m2/repository/org/seleniumhq/selenium/selenium-os/4.29.0/selenium-os-4.29.0.jar:/home/pikessoft/.m2/repository/org/apache/commons/commons-exec/1.4.0/commons-exec-1.4.0.jar:/home/pikessoft/.m2/repository/org/seleniumhq/selenium/selenium-safari-driver/4.29.0/selenium-safari-driver-4.29.0.jar:/home/pikessoft/.m2/repository/org/seleniumhq/selenium/selenium-support/4.29.0/selenium-support-4.29.0.jar:/home/pikessoft/.m2/repository/io/github/bonigarcia/webdrivermanager/5.9.3/webdrivermanager-5.9.3.jar:/home/pikessoft/.m2/repository/org/slf4j/slf4j-api/2.0.16/slf4j-api-2.0.16.jar:/home/pikessoft/.m2/repository/com/google/code/gson/gson/2.12.1/gson-2.12.1.jar:/home/pikessoft/.m2/repository/com/google/errorprone/error_prone_annotations/2.36.0/error_prone_annotations-2.36.0.jar:/home/pikessoft/.m2/repository/com/github/docker-java/docker-java/3.4.1/docker-java-3.4.1.jar:/home/pikessoft/.m2/repository/com/github/docker-java/docker-java-core/3.4.1/docker-java-core-3.4.1.jar:/home/pikessoft/.m2/repository/com/github/docker-java/docker-java-api/3.4.1/docker-java-api-3.4.1.jar:/home/pikessoft/.m2/repository/com/fasterxml/jackson/core/jackson-annotations/2.10.3/jackson-annotations-2.10.3.jar:/home/pikessoft/.m2/repository/com/fasterxml/jackson/core/jackson-databind/2.10.3/jackson-databind-2.10.3.jar:/home/pikessoft/.m2/repository/com/fasterxml/jackson/core/jackson-core/2.10.3/jackson-core-2.10.3.jar:/home/pikessoft/.m2/repository/org/slf4j/jcl-over-slf4j/1.7.30/jcl-over-slf4j-1.7.30.jar:/home/pikessoft/.m2/repository/com/github/docker-java/docker-java-transport-httpclient5/3.4.1/docker-java-transport-httpclient5-3.4.1.jar:/home/pikessoft/.m2/repository/com/github/docker-java/docker-java-transport/3.4.1/docker-java-transport-3.4.1.jar:/home/pikessoft/.m2/repository/net/java/dev/jna/jna/5.13.0/jna-5.13.0.jar:/home/pikessoft/.m2/repository/org/brotli/dec/0.1.2/dec-0.1.2.jar:/home/pikessoft/.m2/repository/org/apache/commons/commons-compress/1.27.1/commons-compress-1.27.1.jar:/home/pikessoft/.m2/repository/org/apache/httpcomponents/client5/httpclient5/5.2.1/httpclient5-5.2.1.jar:/home/pikessoft/.m2/repository/org/apache/httpcomponents/core5/httpcore5/5.2/httpcore5-5.2.jar:/home/pikessoft/.m2/repository/org/apache/httpcomponents/core5/httpcore5-h2/5.2/httpcore5-h2-5.2.jar:/home/pikessoft/.m2/repository/org/apache/poi/poi/5.4.0/poi-5.4.0.jar:/home/pikessoft/.m2/repository/commons-codec/commons-codec/1.17.1/commons-codec-1.17.1.jar:/home/pikessoft/.m2/repository/org/apache/commons/commons-collections4/4.4/commons-collections4-4.4.jar:/home/pikessoft/.m2/repository/org/apache/commons/commons-math3/3.6.1/commons-math3-3.6.1.jar:/home/pikessoft/.m2/repository/com/zaxxer/SparseBitSet/1.3/SparseBitSet-1.3.jar:/home/pikessoft/.m2/repository/org/apache/poi/poi-ooxml/5.4.0/poi-ooxml-5.4.0.jar:/home/pikessoft/.m2/repository/org/apache/poi/poi-ooxml-lite/5.4.0/poi-ooxml-lite-5.4.0.jar:/home/pikessoft/.m2/repository/org/apache/xmlbeans/xmlbeans/5.3.0/xmlbeans-5.3.0.jar:/home/pikessoft/.m2/repository/com/github/virtuald/curvesapi/1.08/curvesapi-1.08.jar:/home/pikessoft/.m2/repository/org/apache/logging/log4j/log4j-core/2.24.3/log4j-core-2.24.3.jar:/home/pikessoft/.m2/repository/org/apache/logging/log4j/log4j-api/2.24.3/log4j-api-2.24.3.jar:/home/pikessoft/.m2/repository/org/apache/commons/commons-lang3/3.17.0/commons-lang3-3.17.0.jar:/home/pikessoft/.m2/repository/commons-io/commons-io/2.18.0/commons-io-2.18.0.jar:/home/pikessoft/.m2/repository/org/testng/testng/7.11.0/testng-7.11.0.jar:/home/pikessoft/.m2/repository/org/jcommander/jcommander/1.83/jcommander-1.83.jar:/home/pikessoft/.m2/repository/org/webjars/jquery/3.7.1/jquery-3.7.1.jar:/home/pikessoft/.m2/repository/com/aventstack/extentreports/5.1.2/extentreports-5.1.2.jar:/home/pikessoft/.m2/repository/io/reactivex/rxjava3/rxjava/3.1.6/rxjava-3.1.6.jar:/home/pikessoft/.m2/repository/org/reactivestreams/reactive-streams/1.0.4/reactive-streams-1.0.4.jar:/home/pikessoft/.m2/repository/org/freemarker/freemarker/2.3.32/freemarker-2.3.32.jar:/home/pikessoft/.m2/repository/org/projectlombok/lombok/1.18.26/lombok-1.18.26.jar:"/>
    <property name="java.vm.vendor" value="Oracle Corporation"/>
    <property name="sun.arch.data.model" value="64"/>
    <property name="java.vendor.url" value="https://java.oracle.com/"/>
    <property name="user.timezone" value="Asia/Karachi"/>
    <property name="os.name" value="Linux"/>
    <property name="java.vm.specification.version" value="22"/>
    <property name="sun.java.launcher" value="SUN_STANDARD"/>
    <property name="user.country" value="US"/>
    <property name="sun.boot.library.path" value="/usr/lib/jvm/jdk-22-oracle-x64/lib"/>
    <property name="sun.java.command" value="/home/pikessoft/eclipse-workspace/selenium_assignment/target/surefire/surefirebooter168180919723708766.jar /home/pikessoft/eclipse-workspace/selenium_assignment/target/surefire 2025-03-20T04-58-53_530-jvmRun1 surefire4039375315790985635tmp surefire_02076386681970944784tmp"/>
    <property name="jdk.debug" value="release"/>
    <property name="surefire.test.class.path" value="/home/pikessoft/eclipse-workspace/selenium_assignment/target/test-classes:/home/pikessoft/eclipse-workspace/selenium_assignment/target/classes:/home/pikessoft/.m2/repository/org/seleniumhq/selenium/selenium-java/4.29.0/selenium-java-4.29.0.jar:/home/pikessoft/.m2/repository/org/seleniumhq/selenium/selenium-api/4.29.0/selenium-api-4.29.0.jar:/home/pikessoft/.m2/repository/org/jspecify/jspecify/1.0.0/jspecify-1.0.0.jar:/home/pikessoft/.m2/repository/org/seleniumhq/selenium/selenium-chrome-driver/4.29.0/selenium-chrome-driver-4.29.0.jar:/home/pikessoft/.m2/repository/com/google/auto/service/auto-service-annotations/1.1.1/auto-service-annotations-1.1.1.jar:/home/pikessoft/.m2/repository/org/seleniumhq/selenium/selenium-chromium-driver/4.29.0/selenium-chromium-driver-4.29.0.jar:/home/pikessoft/.m2/repository/org/seleniumhq/selenium/selenium-json/4.29.0/selenium-json-4.29.0.jar:/home/pikessoft/.m2/repository/org/seleniumhq/selenium/selenium-manager/4.29.0/selenium-manager-4.29.0.jar:/home/pikessoft/.m2/repository/org/seleniumhq/selenium/selenium-devtools-v131/4.29.0/selenium-devtools-v131-4.29.0.jar:/home/pikessoft/.m2/repository/org/seleniumhq/selenium/selenium-devtools-v132/4.29.0/selenium-devtools-v132-4.29.0.jar:/home/pikessoft/.m2/repository/org/seleniumhq/selenium/selenium-devtools-v133/4.29.0/selenium-devtools-v133-4.29.0.jar:/home/pikessoft/.m2/repository/org/seleniumhq/selenium/selenium-devtools-v85/4.29.0/selenium-devtools-v85-4.29.0.jar:/home/pikessoft/.m2/repository/org/seleniumhq/selenium/selenium-edge-driver/4.29.0/selenium-edge-driver-4.29.0.jar:/home/pikessoft/.m2/repository/org/seleniumhq/selenium/selenium-firefox-driver/4.29.0/selenium-firefox-driver-4.29.0.jar:/home/pikessoft/.m2/repository/org/seleniumhq/selenium/selenium-http/4.29.0/selenium-http-4.29.0.jar:/home/pikessoft/.m2/repository/org/seleniumhq/selenium/selenium-ie-driver/4.29.0/selenium-ie-driver-4.29.0.jar:/home/pikessoft/.m2/repository/org/seleniumhq/selenium/selenium-remote-driver/4.29.0/selenium-remote-driver-4.29.0.jar:/home/pikessoft/.m2/repository/com/google/guava/guava/33.4.0-jre/guava-33.4.0-jre.jar:/home/pikessoft/.m2/repository/com/google/guava/failureaccess/1.0.2/failureaccess-1.0.2.jar:/home/pikessoft/.m2/repository/com/google/guava/listenablefuture/9999.0-empty-to-avoid-conflict-with-guava/listenablefuture-9999.0-empty-to-avoid-conflict-with-guava.jar:/home/pikessoft/.m2/repository/com/google/code/findbugs/jsr305/3.0.2/jsr305-3.0.2.jar:/home/pikessoft/.m2/repository/org/checkerframework/checker-qual/3.43.0/checker-qual-3.43.0.jar:/home/pikessoft/.m2/repository/com/google/j2objc/j2objc-annotations/3.0.0/j2objc-annotations-3.0.0.jar:/home/pikessoft/.m2/repository/io/opentelemetry/semconv/opentelemetry-semconv/1.28.0-alpha/opentelemetry-semconv-1.28.0-alpha.jar:/home/pikessoft/.m2/repository/io/opentelemetry/opentelemetry-api/1.46.0/opentelemetry-api-1.46.0.jar:/home/pikessoft/.m2/repository/io/opentelemetry/opentelemetry-context/1.46.0/opentelemetry-context-1.46.0.jar:/home/pikessoft/.m2/repository/io/opentelemetry/opentelemetry-exporter-logging/1.46.0/opentelemetry-exporter-logging-1.46.0.jar:/home/pikessoft/.m2/repository/io/opentelemetry/opentelemetry-sdk-common/1.46.0/opentelemetry-sdk-common-1.46.0.jar:/home/pikessoft/.m2/repository/io/opentelemetry/opentelemetry-sdk-extension-autoconfigure-spi/1.46.0/opentelemetry-sdk-extension-autoconfigure-spi-1.46.0.jar:/home/pikessoft/.m2/repository/io/opentelemetry/opentelemetry-sdk-extension-autoconfigure/1.46.0/opentelemetry-sdk-extension-autoconfigure-1.46.0.jar:/home/pikessoft/.m2/repository/io/opentelemetry/opentelemetry-api-incubator/1.46.0-alpha/opentelemetry-api-incubator-1.46.0-alpha.jar:/home/pikessoft/.m2/repository/io/opentelemetry/opentelemetry-sdk-trace/1.46.0/opentelemetry-sdk-trace-1.46.0.jar:/home/pikessoft/.m2/repository/io/opentelemetry/opentelemetry-sdk/1.46.0/opentelemetry-sdk-1.46.0.jar:/home/pikessoft/.m2/repository/io/opentelemetry/opentelemetry-sdk-metrics/1.46.0/opentelemetry-sdk-metrics-1.46.0.jar:/home/pikessoft/.m2/repository/io/opentelemetry/opentelemetry-sdk-logs/1.46.0/opentelemetry-sdk-logs-1.46.0.jar:/home/pikessoft/.m2/repository/net/bytebuddy/byte-buddy/1.15.11/byte-buddy-1.15.11.jar:/home/pikessoft/.m2/repository/org/seleniumhq/selenium/selenium-os/4.29.0/selenium-os-4.29.0.jar:/home/pikessoft/.m2/repository/org/apache/commons/commons-exec/1.4.0/commons-exec-1.4.0.jar:/home/pikessoft/.m2/repository/org/seleniumhq/selenium/selenium-safari-driver/4.29.0/selenium-safari-driver-4.29.0.jar:/home/pikessoft/.m2/repository/org/seleniumhq/selenium/selenium-support/4.29.0/selenium-support-4.29.0.jar:/home/pikessoft/.m2/repository/io/github/bonigarcia/webdrivermanager/5.9.3/webdrivermanager-5.9.3.jar:/home/pikessoft/.m2/repository/org/slf4j/slf4j-api/2.0.16/slf4j-api-2.0.16.jar:/home/pikessoft/.m2/repository/com/google/code/gson/gson/2.12.1/gson-2.12.1.jar:/home/pikessoft/.m2/repository/com/google/errorprone/error_prone_annotations/2.36.0/error_prone_annotations-2.36.0.jar:/home/pikessoft/.m2/repository/com/github/docker-java/docker-java/3.4.1/docker-java-3.4.1.jar:/home/pikessoft/.m2/repository/com/github/docker-java/docker-java-core/3.4.1/docker-java-core-3.4.1.jar:/home/pikessoft/.m2/repository/com/github/docker-java/docker-java-api/3.4.1/docker-java-api-3.4.1.jar:/home/pikessoft/.m2/repository/com/fasterxml/jackson/core/jackson-annotations/2.10.3/jackson-annotations-2.10.3.jar:/home/pikessoft/.m2/repository/com/fasterxml/jackson/core/jackson-databind/2.10.3/jackson-databind-2.10.3.jar:/home/pikessoft/.m2/repository/com/fasterxml/jackson/core/jackson-core/2.10.3/jackson-core-2.10.3.jar:/home/pikessoft/.m2/repository/org/slf4j/jcl-over-slf4j/1.7.30/jcl-over-slf4j-1.7.30.jar:/home/pikessoft/.m2/repository/com/github/docker-java/docker-java-transport-httpclient5/3.4.1/docker-java-transport-httpclient5-3.4.1.jar:/home/pikessoft/.m2/repository/com/github/docker-java/docker-java-transport/3.4.1/docker-java-transport-3.4.1.jar:/home/pikessoft/.m2/repository/net/java/dev/jna/jna/5.13.0/jna-5.13.0.jar:/home/pikessoft/.m2/repository/org/brotli/dec/0.1.2/dec-0.1.2.jar:/home/pikessoft/.m2/repository/org/apache/commons/commons-compress/1.27.1/commons-compress-1.27.1.jar:/home/pikessoft/.m2/repository/org/apache/httpcomponents/client5/httpclient5/5.2.1/httpclient5-5.2.1.jar:/home/pikessoft/.m2/repository/org/apache/httpcomponents/core5/httpcore5/5.2/httpcore5-5.2.jar:/home/pikessoft/.m2/repository/org/apache/httpcomponents/core5/httpcore5-h2/5.2/httpcore5-h2-5.2.jar:/home/pikessoft/.m2/repository/org/apache/poi/poi/5.4.0/poi-5.4.0.jar:/home/pikessoft/.m2/repository/commons-codec/commons-codec/1.17.1/commons-codec-1.17.1.jar:/home/pikessoft/.m2/repository/org/apache/commons/commons-collections4/4.4/commons-collections4-4.4.jar:/home/pikessoft/.m2/repository/org/apache/commons/commons-math3/3.6.1/commons-math3-3.6.1.jar:/home/pikessoft/.m2/repository/com/zaxxer/SparseBitSet/1.3/SparseBitSet-1.3.jar:/home/pikessoft/.m2/repository/org/apache/poi/poi-ooxml/5.4.0/poi-ooxml-5.4.0.jar:/home/pikessoft/.m2/repository/org/apache/poi/poi-ooxml-lite/5.4.0/poi-ooxml-lite-5.4.0.jar:/home/pikessoft/.m2/repository/org/apache/xmlbeans/xmlbeans/5.3.0/xmlbeans-5.3.0.jar:/home/pikessoft/.m2/repository/com/github/virtuald/curvesapi/1.08/curvesapi-1.08.jar:/home/pikessoft/.m2/repository/org/apache/logging/log4j/log4j-core/2.24.3/log4j-core-2.24.3.jar:/home/pikessoft/.m2/repository/org/apache/logging/log4j/log4j-api/2.24.3/log4j-api-2.24.3.jar:/home/pikessoft/.m2/repository/org/apache/commons/commons-lang3/3.17.0/commons-lang3-3.17.0.jar:/home/pikessoft/.m2/repository/commons-io/commons-io/2.18.0/commons-io-2.18.0.jar:/home/pikessoft/.m2/repository/org/testng/testng/7.11.0/testng-7.11.0.jar:/home/pikessoft/.m2/repository/org/jcommander/jcommander/1.83/jcommander-1.83.jar:/home/pikessoft/.m2/repository/org/webjars/jquery/3.7.1/jquery-3.7.1.jar:/home/pikessoft/.m2/repository/com/aventstack/extentreports/5.1.2/extentreports-5.1.2.jar:/home/pikessoft/.m2/repository/io/reactivex/rxjava3/rxjava/3.1.6/rxjava-3.1.6.jar:/home/pikessoft/.m2/repository/org/reactivestreams/reactive-streams/1.0.4/reactive-streams-1.0.4.jar:/home/pikessoft/.m2/repository/org/freemarker/freemarker/2.3.32/freemarker-2.3.32.jar:/home/pikessoft/.m2/repository/org/projectlombok/lombok/1.18.26/lombok-1.18.26.jar:"/>
    <property name="sun.cpu.endian" value="little"/>
    <property name="user.home" value="/home/pikessoft"/>
    <property name="user.language" value="en"/>
    <property name="java.specification.vendor" value="Oracle Corporation"/>
    <property name="java.version.date" value="2024-04-16"/>
    <property name="java.home" value="/usr/lib/jvm/jdk-22-oracle-x64"/>
    <property name="file.separator" value="/"/>
    <property name="basedir" value="/home/pikessoft/eclipse-workspace/selenium_assignment"/>
    <property name="style.color" value="always"/>
    <property name="java.vm.compressedOopsMode" value="Zero based"/>
    <property name="line.separator" value="&#10;"/>
    <property name="java.vm.specification.vendor" value="Oracle Corporation"/>
    <property name="java.specification.name" value="Java Platform API Specification"/>
    <property name="surefire.real.class.path" value="/home/pikessoft/eclipse-workspace/selenium_assignment/target/surefire/surefirebooter168180919723708766.jar"/>
    <property name="sun.management.compiler" value="HotSpot 64-Bit Tiered Compilers"/>
    <property name="java.runtime.version" value="22.0.1+8-16"/>
    <property name="user.name" value="pikessoft"/>
    <property name="stdout.encoding" value="UTF-8"/>
    <property name="path.separator" value=":"/>
    <property name="os.version" value="6.8.0-52-generic"/>
    <property name="java.runtime.name" value="Java(TM) SE Runtime Environment"/>
    <property name="file.encoding" value="UTF-8"/>
    <property name="java.vm.name" value="Java HotSpot(TM) 64-Bit Server VM"/>
    <property name="localRepository" value="/home/pikessoft/.m2/repository"/>
    <property name="java.vendor.url.bug" value="https://bugreport.java.com/bugreport/"/>
    <property name="java.io.tmpdir" value="/tmp"/>
    <property name="java.version" value="22.0.1"/>
    <property name="user.dir" value="/home/pikessoft/eclipse-workspace/selenium_assignment"/>
    <property name="os.arch" value="amd64"/>
    <property name="java.vm.specification.name" value="Java Virtual Machine Specification"/>
    <property name="native.encoding" value="UTF-8"/>
    <property name="java.library.path" value="/usr/java/packages/lib:/usr/lib64:/lib64:/lib:/usr/lib"/>
    <property name="java.vm.info" value="mixed mode, sharing"/>
    <property name="stderr.encoding" value="UTF-8"/>
    <property name="java.vendor" value="Oracle Corporation"/>
    <property name="java.vm.version" value="22.0.1+8-16"/>
    <property name="sun.io.unicode.encoding" value="UnicodeLittle"/>
    <property name="java.class.version" value="66.0"/>
  </properties>
  <testcase name="ExtractData" classname="test_cases.tableTest" time="11.199">
    <system-err><![CDATA[SLF4J(W): No SLF4J providers were found.
SLF4J(W): Defaulting to no-operation (NOP) logger implementation
SLF4J(W): See https://www.slf4j.org/codes.html#noProviders for further details.
]]></system-err>
  </testcase>
  <testcase name="testExtractCompanyNames" classname="test_cases.tableTest" time="0.481"/>
  <testcase name="testVerifyCompanyExists" classname="test_cases.tableTest" time="0.476"/>
  <testcase name="testGenericJSAlertHandler" classname="test_cases.alert_handling" time="11.764"/>
  <testcase name="testJSAlert" classname="test_cases.alert_handling" time="0.391"/>
  <testcase name="testJSConfirmDismiss" classname="test_cases.alert_handling" time="0.388"/>
  <testcase name="testJSPrompt" classname="test_cases.alert_handling" time="0.435"/>
  <testcase name="testFileUploadUsingSendKeys" classname="test_cases.fileUpload" time="0.877"/>
  <testcase name="login_with_invalid_cred" classname="test_cases.loginTest" time="11.437"/>
  <testcase name="login_with_valid_cred" classname="test_cases.loginTest" time="1.194"/>
</testsuite>