<?xml version="1.0" encoding="UTF-8"?>
<!-- Generated by org.testng.reporters.JUnitReportReporter -->
<testsuite hostname="pikessoft-ThinkPad-T14-Gen-1" failures="0" tests="4" name="test_cases.alert_handling" time="7.788" errors="0" timestamp="2025-03-20T03:01:50 PKT" skipped="0">
  <testcase classname="test_cases.alert_handling" name="testJSConfirmDismiss" time="0.494"/>
  <testcase classname="test_cases.alert_handling" name="testGenericJSAlertHandler" time="6.361"/>
  <testcase classname="test_cases.alert_handling" name="testJSAlert" time="0.511"/>
  <testcase classname="test_cases.alert_handling" name="testJSPrompt" time="0.422"/>
</testsuite> <!-- test_cases.alert_handling -->
