<?xml version="1.0" encoding="UTF-8"?>
<!-- Generated by org.testng.reporters.JUnitReportReporter -->
<testsuite hostname="pikessoft-ThinkPad-T14-Gen-1" failures="0" tests="3" name="test_cases.tableTest" time="12.010" errors="0" timestamp="2025-03-20T03:02:12 PKT" skipped="0">
  <testcase classname="test_cases.tableTest" name="testExtractCompanyNames" time="0.484"/>
  <testcase classname="test_cases.tableTest" name="ExtractData" time="10.974"/>
  <testcase classname="test_cases.tableTest" name="testVerifyCompanyExists" time="0.552"/>
</testsuite> <!-- test_cases.tableTest -->
