<?xml version="1.0" encoding="UTF-8"?>
<!-- Generated by org.testng.reporters.JUnitReportReporter -->
<testsuite hostname="pikessoft-ThinkPad-T14-Gen-1" failures="0" tests="1" name="test_cases.loginTest" time="12.914" errors="0" timestamp="2025-03-20T04:54:01 PKT" skipped="0">
  <testcase classname="test_cases.loginTest" name="login_with_invalid_cred" time="12.914"/>
</testsuite> <!-- test_cases.loginTest -->
