<?xml version="1.0" encoding="UTF-8"?>
<!-- Generated by org.testng.reporters.JUnitReportReporter -->
<testsuite hostname="pikessoft-ThinkPad-T14-Gen-1" failures="0" tests="4" name="test_cases.alert_handling" time="12.978" errors="0" timestamp="2025-03-20T04:59:47 PKT" skipped="0">
  <testcase classname="test_cases.alert_handling" name="testJSConfirmDismiss" time="0.389"/>
  <testcase classname="test_cases.alert_handling" name="testJSPrompt" time="0.435"/>
  <testcase classname="test_cases.alert_handling" name="testJSAlert" time="0.390"/>
  <testcase classname="test_cases.alert_handling" name="testGenericJSAlertHandler" time="11.764"/>
</testsuite> <!-- test_cases.alert_handling -->
