<?xml version="1.0" encoding="UTF-8"?>
<!-- Generated by org.testng.reporters.JUnitReportReporter -->
<testsuite hostname="pikessoft-ThinkPad-T14-Gen-1" failures="0" tests="3" name="test_cases.tableTest" time="12.156" errors="0" timestamp="2025-03-20T04:59:47 PKT" skipped="0">
  <testcase classname="test_cases.tableTest" name="ExtractData" time="11.199"/>
  <testcase classname="test_cases.tableTest" name="testExtractCompanyNames" time="0.482"/>
  <testcase classname="test_cases.tableTest" name="testVerifyCompanyExists" time="0.475"/>
</testsuite> <!-- test_cases.tableTest -->
