<?xml version="1.0" encoding="UTF-8"?>
<!-- Generated by org.testng.reporters.JUnitReportReporter -->
<testsuite hostname="pikessoft-ThinkPad-T14-Gen-1" failures="0" tests="2" name="test_cases.loginTest" time="12.631" errors="0" timestamp="2025-03-20T04:59:47 PKT" skipped="0">
  <testcase classname="test_cases.loginTest" name="login_with_invalid_cred" time="11.437"/>
  <testcase classname="test_cases.loginTest" name="login_with_valid_cred" time="1.194"/>
</testsuite> <!-- test_cases.loginTest -->
